<?xml version="1.0" encoding="UTF-8"?>
<testng-results skipped="0" failed="0" ignored="0" total="1" passed="1">
  <reporter-output>
  </reporter-output>
  <suite name="Suite" duration-ms="32640" started-at="2019-09-25T00:48:50 MDT" finished-at="2019-09-25T00:49:22 MDT">
    <groups>
    </groups>
    <test name="Test" duration-ms="32640" started-at="2019-09-25T00:48:50 MDT" finished-at="2019-09-25T00:49:22 MDT">
      <class name="test.LoginActions">
        <test-method status="PASS" signature="setBrowser()[pri:0, instance:test.LoginActions@49fc609f]" name="setBrowser" is-config="true" duration-ms="5546" started-at="2019-09-25T00:48:44 MDT" finished-at="2019-09-25T00:48:50 MDT">
          <reporter-output>
          </reporter-output>
        </test-method> <!-- setBrowser -->
        <test-method status="PASS" signature="testCase(java.lang.String, java.lang.String, java.lang.String)[pri:0, instance:test.LoginActions@49fc609f]" name="testCase" duration-ms="32606" started-at="2019-09-25T00:48:50 MDT" finished-at="2019-09-25T00:49:22 MDT">
          <params>
            <param index="0">
              <value>
                <![CDATA[chicho_guionbajo@hotmail.com]]>
              </value>
            </param>
            <param index="1">
              <value>
                <![CDATA[123correoseguro)]]>
              </value>
            </param>
            <param index="2">
              <value>
                <![CDATA[Jesús Carlos Acosta Rocha]]>
              </value>
            </param>
          </params>
          <reporter-output>
          </reporter-output>
        </test-method> <!-- testCase -->
        <test-method status="PASS" signature="closeBrowser()[pri:0, instance:test.LoginActions@49fc609f]" name="closeBrowser" is-config="true" duration-ms="1" started-at="2019-09-25T00:49:22 MDT" finished-at="2019-09-25T00:49:22 MDT">
          <reporter-output>
          </reporter-output>
        </test-method> <!-- closeBrowser -->
      </class> <!-- test.LoginActions -->
    </test> <!-- Test -->
  </suite> <!-- Suite -->
</testng-results>
